<?xml version="1.0" encoding="UTF-8" standalone="no"?>
<testsuite failures="1" name="cucumber.runtime.formatter.JUnitFormatter" skipped="0" tests="1" time="20.546466">
<testcase classname="Products" name="Add item bag" time="20.546466">
<failure message="java.lang.NoClassDefFoundError: org/objectweb/asm/Type&#13;&#10;&#9;at net.sf.cglib.core.TypeUtils.parseType(TypeUtils.java:184)&#13;&#10;&#9;at net.sf.cglib.core.KeyFactory.&lt;clinit&gt;(KeyFactory.java:72)&#13;&#10;&#9;at net.sf.cglib.proxy.Enhancer.&lt;clinit&gt;(Enhancer.java:72)&#13;&#10;&#9;at io.appium.java_client.pagefactory.utils.ProxyFactory.getEnhancedProxy(ProxyFactory.java:52)&#13;&#10;&#9;at io.appium.java_client.pagefactory.utils.ProxyFactory.getEnhancedProxy(ProxyFactory.java:33)&#13;&#10;&#9;at io.appium.java_client.pagefactory.AppiumFieldDecorator.proxyForAnElement(AppiumFieldDecorator.java:217)&#13;&#10;&#9;at io.appium.java_client.pagefactory.AppiumFieldDecorator.access$0(AppiumFieldDecorator.java:215)&#13;&#10;&#9;at io.appium.java_client.pagefactory.AppiumFieldDecorator$1.proxyForLocator(AppiumFieldDecorator.java:107)&#13;&#10;&#9;at org.openqa.selenium.support.pagefactory.DefaultFieldDecorator.decorate(DefaultFieldDecorator.java:62)&#13;&#10;&#9;at io.appium.java_client.pagefactory.AppiumFieldDecorator.decorate(AppiumFieldDecorator.java:155)&#13;&#10;&#9;at org.openqa.selenium.support.PageFactory.proxyFields(PageFactory.java:113)&#13;&#10;&#9;at org.openqa.selenium.support.PageFactory.initElements(PageFactory.java:105)&#13;&#10;&#9;at common.BasePage.&lt;init&gt;(BasePage.java:19)&#13;&#10;&#9;at pages.Products.&lt;init&gt;(Products.java:12)&#13;&#10;&#9;at steps.add_to_cart.Alisa_open_application_demo_app(add_to_cart.java:18)&#13;&#10;&#9;at ✽.Alisa open application demo app(C:/Users/Bug/git/Mobile-api-test/Include/features/Product.feature:25)&#13;&#10;Caused by: java.lang.ClassNotFoundException: org.objectweb.asm.Type&#13;&#10;&#9;at net.sf.cglib.core.TypeUtils.parseType(TypeUtils.java:184)&#13;&#10;&#9;at net.sf.cglib.core.KeyFactory.&lt;clinit&gt;(KeyFactory.java:72)&#13;&#10;&#9;at net.sf.cglib.proxy.Enhancer.&lt;clinit&gt;(Enhancer.java:72)&#13;&#10;&#9;at io.appium.java_client.pagefactory.utils.ProxyFactory.getEnhancedProxy(ProxyFactory.java:52)&#13;&#10;&#9;at io.appium.java_client.pagefactory.utils.ProxyFactory.getEnhancedProxy(ProxyFactory.java:33)&#13;&#10;&#9;at io.appium.java_client.pagefactory.AppiumFieldDecorator.proxyForAnElement(AppiumFieldDecorator.java:217)&#13;&#10;&#9;at io.appium.java_client.pagefactory.AppiumFieldDecorator.access$0(AppiumFieldDecorator.java:215)&#13;&#10;&#9;at io.appium.java_client.pagefactory.AppiumFieldDecorator$1.proxyForLocator(AppiumFieldDecorator.java:107)&#13;&#10;&#9;at org.openqa.selenium.support.pagefactory.DefaultFieldDecorator.decorate(DefaultFieldDecorator.java:62)&#13;&#10;&#9;at io.appium.java_client.pagefactory.AppiumFieldDecorator.decorate(AppiumFieldDecorator.java:155)&#13;&#10;&#9;at org.openqa.selenium.support.PageFactory.proxyFields(PageFactory.java:113)&#13;&#10;&#9;at org.openqa.selenium.support.PageFactory.initElements(PageFactory.java:105)&#13;&#10;&#9;at common.BasePage.&lt;init&gt;(BasePage.java:19)&#13;&#10;&#9;at pages.Products.&lt;init&gt;(Products.java:12)&#13;&#10;&#9;at steps.add_to_cart.Alisa_open_application_demo_app(add_to_cart.java:18)&#13;&#10;&#9;at cucumber.runtime.Utils$1.call(Utils.java:26)&#13;&#10;&#9;at cucumber.runtime.Timeout.timeout(Timeout.java:16)&#13;&#10;&#9;at cucumber.runtime.Utils.invoke(Utils.java:20)&#13;&#10;&#9;at cucumber.runtime.java.JavaStepDefinition.execute(JavaStepDefinition.java:48)&#13;&#10;&#9;at cucumber.runtime.PickleStepDefinitionMatch.runStep(PickleStepDefinitionMatch.java:50)&#13;&#10;&#9;at cucumber.runner.TestStep.executeStep(TestStep.java:68)&#13;&#10;&#9;at cucumber.runner.TestStep.run(TestStep.java:50)&#13;&#10;&#9;at cucumber.runner.PickleStepTestStep.run(PickleStepTestStep.java:53)&#13;&#10;&#9;at cucumber.runner.TestCase.run(TestCase.java:47)&#13;&#10;&#9;at cucumber.runner.Runner.runPickle(Runner.java:44)&#13;&#10;&#9;at cucumber.runtime.Runtime.runFeature(Runtime.java:120)&#13;&#10;&#9;at cucumber.runtime.Runtime.run(Runtime.java:106)&#13;&#10;&#9;at cucumber.api.cli.Main.run(Main.java:35)&#13;&#10;&#9;at cucumber.api.cli.Main$run.call(Unknown Source)&#13;&#10;&#9;at com.kms.katalon.core.cucumber.keyword.CucumberBuiltinKeywords$_runFeatureFile_closure1.doCall(CucumberBuiltinKeywords.groovy:108)&#13;&#10;&#9;at com.kms.katalon.core.cucumber.keyword.CucumberBuiltinKeywords$_runFeatureFile_closure1.doCall(CucumberBuiltinKeywords.groovy)&#13;&#10;&#9;at com.kms.katalon.core.keyword.internal.KeywordMain.runKeyword(KeywordMain.groovy:74)&#13;&#10;&#9;at com.kms.katalon.core.keyword.internal.KeywordMain.runKeyword(KeywordMain.groovy:68)&#13;&#10;&#9;at com.kms.katalon.core.keyword.internal.KeywordMain$runKeyword.call(Unknown Source)&#13;&#10;&#9;at com.kms.katalon.core.cucumber.keyword.CucumberBuiltinKeywords.runFeatureFile(CucumberBuiltinKeywords.groovy:75)&#13;&#10;&#9;at com.kms.katalon.core.cucumber.keyword.CucumberBuiltinKeywords$runFeatureFile$0.callStatic(Unknown Source)&#13;&#10;&#9;at com.kms.katalon.core.cucumber.keyword.CucumberBuiltinKeywords.runFeatureFile(CucumberBuiltinKeywords.groovy:248)&#13;&#10;&#9;at com.kms.katalon.core.cucumber.keyword.CucumberBuiltinKeywords$runFeatureFile.call(Unknown Source)&#13;&#10;&#9;at Test.run(Test:21)&#13;&#10;&#9;at com.kms.katalon.core.main.ScriptEngine.run(ScriptEngine.java:194)&#13;&#10;&#9;at com.kms.katalon.core.main.ScriptEngine.runScriptAsRawText(ScriptEngine.java:119)&#13;&#10;&#9;at com.kms.katalon.core.main.TestCaseExecutor.runScript(TestCaseExecutor.java:448)&#13;&#10;&#9;at com.kms.katalon.core.main.TestCaseExecutor.doExecute(TestCaseExecutor.java:439)&#13;&#10;&#9;at com.kms.katalon.core.main.TestCaseExecutor.processExecutionPhase(TestCaseExecutor.java:418)&#13;&#10;&#9;at com.kms.katalon.core.main.TestCaseExecutor.accessMainPhase(TestCaseExecutor.java:410)&#13;&#10;&#9;at com.kms.katalon.core.main.TestCaseExecutor.execute(TestCaseExecutor.java:285)&#13;&#10;&#9;at com.kms.katalon.core.common.CommonExecutor.accessTestCaseMainPhase(CommonExecutor.java:65)&#13;&#10;&#9;at com.kms.katalon.core.main.TestSuiteExecutor.accessTestSuiteMainPhase(TestSuiteExecutor.java:144)&#13;&#10;&#9;at com.kms.katalon.core.main.TestSuiteExecutor.execute(TestSuiteExecutor.java:106)&#13;&#10;&#9;at com.kms.katalon.core.main.TestCaseMain.startTestSuite(TestCaseMain.java:185)&#13;&#10;&#9;at com.kms.katalon.core.main.TestCaseMain$startTestSuite$0.call(Unknown Source)&#13;&#10;&#9;at TempTestSuite1671381171047.run(TempTestSuite1671381171047.groovy:36)&#13;&#10;"><![CDATA[Given Alisa open application demo app.......................................failed
* she select Sauce Lab Back Packs in product list...........................skipped
* she select blue item......................................................skipped
When she want add increase amount of the item...............................skipped
Then she should able to Add item to cart....................................skipped

StackTrace:
java.lang.NoClassDefFoundError: org/objectweb/asm/Type
	at net.sf.cglib.core.TypeUtils.parseType(TypeUtils.java:184)
	at net.sf.cglib.core.KeyFactory.<clinit>(KeyFactory.java:72)
	at net.sf.cglib.proxy.Enhancer.<clinit>(Enhancer.java:72)
	at io.appium.java_client.pagefactory.utils.ProxyFactory.getEnhancedProxy(ProxyFactory.java:52)
	at io.appium.java_client.pagefactory.utils.ProxyFactory.getEnhancedProxy(ProxyFactory.java:33)
	at io.appium.java_client.pagefactory.AppiumFieldDecorator.proxyForAnElement(AppiumFieldDecorator.java:217)
	at io.appium.java_client.pagefactory.AppiumFieldDecorator.access$0(AppiumFieldDecorator.java:215)
	at io.appium.java_client.pagefactory.AppiumFieldDecorator$1.proxyForLocator(AppiumFieldDecorator.java:107)
	at org.openqa.selenium.support.pagefactory.DefaultFieldDecorator.decorate(DefaultFieldDecorator.java:62)
	at io.appium.java_client.pagefactory.AppiumFieldDecorator.decorate(AppiumFieldDecorator.java:155)
	at org.openqa.selenium.support.PageFactory.proxyFields(PageFactory.java:113)
	at org.openqa.selenium.support.PageFactory.initElements(PageFactory.java:105)
	at common.BasePage.<init>(BasePage.java:19)
	at pages.Products.<init>(Products.java:12)
	at steps.add_to_cart.Alisa_open_application_demo_app(add_to_cart.java:18)
	at ✽.Alisa open application demo app(C:/Users/Bug/git/Mobile-api-test/Include/features/Product.feature:25)
Caused by: java.lang.ClassNotFoundException: org.objectweb.asm.Type
	at net.sf.cglib.core.TypeUtils.parseType(TypeUtils.java:184)
	at net.sf.cglib.core.KeyFactory.<clinit>(KeyFactory.java:72)
	at net.sf.cglib.proxy.Enhancer.<clinit>(Enhancer.java:72)
	at io.appium.java_client.pagefactory.utils.ProxyFactory.getEnhancedProxy(ProxyFactory.java:52)
	at io.appium.java_client.pagefactory.utils.ProxyFactory.getEnhancedProxy(ProxyFactory.java:33)
	at io.appium.java_client.pagefactory.AppiumFieldDecorator.proxyForAnElement(AppiumFieldDecorator.java:217)
	at io.appium.java_client.pagefactory.AppiumFieldDecorator.access$0(AppiumFieldDecorator.java:215)
	at io.appium.java_client.pagefactory.AppiumFieldDecorator$1.proxyForLocator(AppiumFieldDecorator.java:107)
	at org.openqa.selenium.support.pagefactory.DefaultFieldDecorator.decorate(DefaultFieldDecorator.java:62)
	at io.appium.java_client.pagefactory.AppiumFieldDecorator.decorate(AppiumFieldDecorator.java:155)
	at org.openqa.selenium.support.PageFactory.proxyFields(PageFactory.java:113)
	at org.openqa.selenium.support.PageFactory.initElements(PageFactory.java:105)
	at common.BasePage.<init>(BasePage.java:19)
	at pages.Products.<init>(Products.java:12)
	at steps.add_to_cart.Alisa_open_application_demo_app(add_to_cart.java:18)
	at cucumber.runtime.Utils$1.call(Utils.java:26)
	at cucumber.runtime.Timeout.timeout(Timeout.java:16)
	at cucumber.runtime.Utils.invoke(Utils.java:20)
	at cucumber.runtime.java.JavaStepDefinition.execute(JavaStepDefinition.java:48)
	at cucumber.runtime.PickleStepDefinitionMatch.runStep(PickleStepDefinitionMatch.java:50)
	at cucumber.runner.TestStep.executeStep(TestStep.java:68)
	at cucumber.runner.TestStep.run(TestStep.java:50)
	at cucumber.runner.PickleStepTestStep.run(PickleStepTestStep.java:53)
	at cucumber.runner.TestCase.run(TestCase.java:47)
	at cucumber.runner.Runner.runPickle(Runner.java:44)
	at cucumber.runtime.Runtime.runFeature(Runtime.java:120)
	at cucumber.runtime.Runtime.run(Runtime.java:106)
	at cucumber.api.cli.Main.run(Main.java:35)
	at cucumber.api.cli.Main$run.call(Unknown Source)
	at com.kms.katalon.core.cucumber.keyword.CucumberBuiltinKeywords$_runFeatureFile_closure1.doCall(CucumberBuiltinKeywords.groovy:108)
	at com.kms.katalon.core.cucumber.keyword.CucumberBuiltinKeywords$_runFeatureFile_closure1.doCall(CucumberBuiltinKeywords.groovy)
	at com.kms.katalon.core.keyword.internal.KeywordMain.runKeyword(KeywordMain.groovy:74)
	at com.kms.katalon.core.keyword.internal.KeywordMain.runKeyword(KeywordMain.groovy:68)
	at com.kms.katalon.core.keyword.internal.KeywordMain$runKeyword.call(Unknown Source)
	at com.kms.katalon.core.cucumber.keyword.CucumberBuiltinKeywords.runFeatureFile(CucumberBuiltinKeywords.groovy:75)
	at com.kms.katalon.core.cucumber.keyword.CucumberBuiltinKeywords$runFeatureFile$0.callStatic(Unknown Source)
	at com.kms.katalon.core.cucumber.keyword.CucumberBuiltinKeywords.runFeatureFile(CucumberBuiltinKeywords.groovy:248)
	at com.kms.katalon.core.cucumber.keyword.CucumberBuiltinKeywords$runFeatureFile.call(Unknown Source)
	at Test.run(Test:21)
	at com.kms.katalon.core.main.ScriptEngine.run(ScriptEngine.java:194)
	at com.kms.katalon.core.main.ScriptEngine.runScriptAsRawText(ScriptEngine.java:119)
	at com.kms.katalon.core.main.TestCaseExecutor.runScript(TestCaseExecutor.java:448)
	at com.kms.katalon.core.main.TestCaseExecutor.doExecute(TestCaseExecutor.java:439)
	at com.kms.katalon.core.main.TestCaseExecutor.processExecutionPhase(TestCaseExecutor.java:418)
	at com.kms.katalon.core.main.TestCaseExecutor.accessMainPhase(TestCaseExecutor.java:410)
	at com.kms.katalon.core.main.TestCaseExecutor.execute(TestCaseExecutor.java:285)
	at com.kms.katalon.core.common.CommonExecutor.accessTestCaseMainPhase(CommonExecutor.java:65)
	at com.kms.katalon.core.main.TestSuiteExecutor.accessTestSuiteMainPhase(TestSuiteExecutor.java:144)
	at com.kms.katalon.core.main.TestSuiteExecutor.execute(TestSuiteExecutor.java:106)
	at com.kms.katalon.core.main.TestCaseMain.startTestSuite(TestCaseMain.java:185)
	at com.kms.katalon.core.main.TestCaseMain$startTestSuite$0.call(Unknown Source)
	at TempTestSuite1671381171047.run(TempTestSuite1671381171047.groovy:36)
]]></failure>
</testcase>
</testsuite>
